<?xml version="1.0" encoding="utf-8"?><testsuites name="pytest tests"><testsuite name="pytest" errors="0" failures="0" skipped="0" tests="9" time="0.795" timestamp="2026-05-07T00:34:32.548996+00:00" hostname="agent-env-fe7961f8-6837-480a-bba3-d6fa1479857a"><testcase classname="tests.test_api_v1_contract" name="test_auth_login_and_token_contract" time="0.004" /><testcase classname="tests.test_api_v1_contract" name="test_protected_targets_requires_bearer" time="0.043" /><testcase classname="tests.test_api_v1_contract" name="test_create_target_with_auth" time="0.086" /><testcase classname="tests.test_api_v1_contract" name="test_create_pentest_with_target" time="0.131" /><testcase classname="tests.test_api_v1_contract" name="test_authorize_start_stop_pentest" time="0.258" /><testcase classname="tests.test_api_v1_contract" name="test_risk_matrix_contract_5x5" time="0.086" /><testcase classname="tests.test_api_v1_contract" name="test_websocket_endpoint_path_contract" time="0.002" /><testcase classname="tests.test_api_v1_contract" name="test_quality_status_requires_auth" time="0.042" /><testcase classname="tests.test_api_v1_contract" name="test_quality_status_returns_valid_structure" time="0.086" /></testsuite></testsuites>