<?xml version="1.0" encoding="utf-8"?><testsuites name="pytest tests"><testsuite name="pytest" errors="0" failures="0" skipped="0" tests="9" time="0.819" timestamp="2026-05-07T00:28:29.225694+00:00" hostname="agent-env-fe7961f8-6837-480a-bba3-d6fa1479857a"><testcase classname="backend.tests.test_api_v1_contract" name="test_auth_login_and_token_contract" time="0.007" /><testcase classname="backend.tests.test_api_v1_contract" name="test_protected_targets_requires_bearer" time="0.042" /><testcase classname="backend.tests.test_api_v1_contract" name="test_create_target_with_auth" time="0.086" /><testcase classname="backend.tests.test_api_v1_contract" name="test_create_pentest_with_target" time="0.126" /><testcase classname="backend.tests.test_api_v1_contract" name="test_authorize_start_stop_pentest" time="0.256" /><testcase classname="backend.tests.test_api_v1_contract" name="test_risk_matrix_contract_5x5" time="0.085" /><testcase classname="backend.tests.test_api_v1_contract" name="test_websocket_endpoint_path_contract" time="0.002" /><testcase classname="backend.tests.test_api_v1_contract" name="test_quality_status_requires_auth" time="0.042" /><testcase classname="backend.tests.test_api_v1_contract" name="test_quality_status_returns_valid_structure" time="0.087" /></testsuite></testsuites>